<?xml version="1.0" encoding="UTF-8"?>
<testng-results ignored="0" total="1" passed="1" failed="0" skipped="0">
  <reporter-output>
  </reporter-output>
  <suite started-at="2024-12-07T12:25:21 IST" name="Default suite" finished-at="2024-12-07T12:25:35 IST" duration-ms="13558">
    <groups>
    </groups>
    <test started-at="2024-12-07T12:25:21 IST" name="Default test" finished-at="2024-12-07T12:25:35 IST" duration-ms="13558">
      <class name="synchronization.Script8_PropertyFileRunner">
        <test-method signature="wait1()[pri:0, instance:synchronization.Script8_PropertyFileRunner@47987356]" started-at="2024-12-07T12:25:21 IST" name="wait1" finished-at="2024-12-07T12:25:35 IST" duration-ms="13507" status="PASS">
          <reporter-output>
          </reporter-output>
        </test-method> <!-- wait1 -->
      </class> <!-- synchronization.Script8_PropertyFileRunner -->
    </test> <!-- Default test -->
  </suite> <!-- Default suite -->
</testng-results>
